{"C:\\Users\\ryane\\Desktop\\primeiro-projeto-serverless\\src\\schemas\\Tarefa.js": {"path":"C:\\Users\\ryane\\Desktop\\primeiro-projeto-serverless\\src\\schemas\\Tarefa.js","statementMap":{"0":{"start":{"line":1,"column":17},"end":{"line":1,"column":36}},"1":{"start":{"line":3,"column":21},"end":{"line":9,"column":23}},"2":{"start":{"line":11,"column":0},"end":{"line":11,"column":57}}},"fnMap":{},"branchMap":{},"s":{"0":7,"1":7,"2":7},"f":{},"b":{},"_coverageSchema":"1a1c01bbd47fc00a2c39e90264f33305004495a9","hash":"ef524c0e11c70e565f7e831ceb93e98a28d2bd0e"}
,"C:\\Users\\ryane\\Desktop\\primeiro-projeto-serverless\\src\\services\\tarefaService.js": {"path":"C:\\Users\\ryane\\Desktop\\primeiro-projeto-serverless\\src\\services\\tarefaService.js","statementMap":{"0":{"start":{"line":1,"column":15},"end":{"line":1,"column":46}},"1":{"start":{"line":2,"column":29},"end":{"line":2,"column":65}},"2":{"start":{"line":3,"column":12},"end":{"line":3,"column":26}},"3":{"start":{"line":5,"column":19},"end":{"line":5,"column":58}},"4":{"start":{"line":6,"column":18},"end":{"line":6,"column":56}},"5":{"start":{"line":8,"column":12},"end":{"line":8,"column":21}},"6":{"start":{"line":9,"column":25},"end":{"line":9,"column":48}},"7":{"start":{"line":10,"column":24},"end":{"line":10,"column":46}},"8":{"start":{"line":13,"column":2},"end":{"line":33,"column":3}},"9":{"start":{"line":14,"column":4},"end":{"line":14,"column":31}},"10":{"start":{"line":16,"column":20},"end":{"line":16,"column":41}},"11":{"start":{"line":17,"column":4},"end":{"line":22,"column":5}},"12":{"start":{"line":18,"column":6},"end":{"line":21,"column":7}},"13":{"start":{"line":23,"column":4},"end":{"line":26,"column":6}},"14":{"start":{"line":29,"column":4},"end":{"line":32,"column":5}},"15":{"start":{"line":39,"column":2},"end":{"line":59,"column":3}},"16":{"start":{"line":40,"column":4},"end":{"line":40,"column":31}},"17":{"start":{"line":41,"column":29},"end":{"line":41,"column":54}},"18":{"start":{"line":43,"column":4},"end":{"line":48,"column":5}},"19":{"start":{"line":44,"column":6},"end":{"line":47,"column":7}},"20":{"start":{"line":50,"column":4},"end":{"line":53,"column":5}},"21":{"start":{"line":55,"column":4},"end":{"line":58,"column":5}},"22":{"start":{"line":64,"column":2},"end":{"line":99,"column":3}},"23":{"start":{"line":65,"column":4},"end":{"line":65,"column":25}},"24":{"start":{"line":66,"column":29},"end":{"line":66,"column":54}},"25":{"start":{"line":68,"column":4},"end":{"line":73,"column":5}},"26":{"start":{"line":69,"column":6},"end":{"line":72,"column":7}},"27":{"start":{"line":75,"column":4},"end":{"line":83,"column":5}},"28":{"start":{"line":76,"column":6},"end":{"line":82,"column":7}},"29":{"start":{"line":85,"column":4},"end":{"line":85,"column":34}},"30":{"start":{"line":86,"column":4},"end":{"line":86,"column":34}},"31":{"start":{"line":87,"column":4},"end":{"line":93,"column":5}},"32":{"start":{"line":95,"column":4},"end":{"line":98,"column":5}},"33":{"start":{"line":103,"column":2},"end":{"line":141,"column":3}},"34":{"start":{"line":104,"column":22},"end":{"line":104,"column":45}},"35":{"start":{"line":105,"column":4},"end":{"line":135,"column":5}},"36":{"start":{"line":106,"column":6},"end":{"line":106,"column":29}},"37":{"start":{"line":107,"column":6},"end":{"line":107,"column":27}},"38":{"start":{"line":109,"column":27},"end":{"line":109,"column":53}},"39":{"start":{"line":110,"column":6},"end":{"line":116,"column":7}},"40":{"start":{"line":119,"column":6},"end":{"line":119,"column":43}},"41":{"start":{"line":120,"column":20},"end":{"line":120,"column":43}},"42":{"start":{"line":122,"column":27},"end":{"line":128,"column":8}},"43":{"start":{"line":123,"column":8},"end":{"line":125,"column":9}},"44":{"start":{"line":124,"column":10},"end":{"line":124,"column":71}},"45":{"start":{"line":127,"column":8},"end":{"line":127,"column":28}},"46":{"start":{"line":130,"column":6},"end":{"line":130,"column":32}},"47":{"start":{"line":131,"column":6},"end":{"line":134,"column":7}},"48":{"start":{"line":137,"column":4},"end":{"line":140,"column":5}},"49":{"start":{"line":145,"column":2},"end":{"line":183,"column":3}},"50":{"start":{"line":146,"column":4},"end":{"line":146,"column":25}},"51":{"start":{"line":147,"column":22},"end":{"line":147,"column":44}},"52":{"start":{"line":149,"column":4},"end":{"line":176,"column":5}},"53":{"start":{"line":150,"column":29},"end":{"line":150,"column":70}},"54":{"start":{"line":151,"column":6},"end":{"line":156,"column":7}},"55":{"start":{"line":152,"column":8},"end":{"line":155,"column":9}},"56":{"start":{"line":157,"column":6},"end":{"line":160,"column":7}},"57":{"start":{"line":162,"column":6},"end":{"line":162,"column":42}},"58":{"start":{"line":163,"column":20},"end":{"line":163,"column":42}},"59":{"start":{"line":165,"column":27},"end":{"line":171,"column":8}},"60":{"start":{"line":166,"column":8},"end":{"line":168,"column":9}},"61":{"start":{"line":167,"column":10},"end":{"line":167,"column":71}},"62":{"start":{"line":170,"column":8},"end":{"line":170,"column":28}},"63":{"start":{"line":172,"column":6},"end":{"line":175,"column":7}},"64":{"start":{"line":179,"column":4},"end":{"line":182,"column":5}},"65":{"start":{"line":187,"column":2},"end":{"line":205,"column":3}},"66":{"start":{"line":188,"column":4},"end":{"line":188,"column":25}},"67":{"start":{"line":189,"column":30},"end":{"line":189,"column":64}},"68":{"start":{"line":190,"column":4},"end":{"line":195,"column":5}},"69":{"start":{"line":191,"column":6},"end":{"line":194,"column":7}},"70":{"start":{"line":196,"column":4},"end":{"line":199,"column":5}},"71":{"start":{"line":201,"column":4},"end":{"line":204,"column":5}},"72":{"start":{"line":208,"column":0},"end":{"line":215,"column":1}}},"fnMap":{"0":{"name":"listarTarefas","decl":{"start":{"line":12,"column":15},"end":{"line":12,"column":28}},"loc":{"start":{"line":12,"column":30},"end":{"line":35,"column":1}},"line":12},"1":{"name":"consultarTarefa","decl":{"start":{"line":37,"column":15},"end":{"line":37,"column":30}},"loc":{"start":{"line":37,"column":34},"end":{"line":60,"column":1}},"line":37},"2":{"name":"realizarTarefa","decl":{"start":{"line":62,"column":15},"end":{"line":62,"column":29}},"loc":{"start":{"line":62,"column":33},"end":{"line":100,"column":1}},"line":62},"3":{"name":"criarTarefa","decl":{"start":{"line":102,"column":15},"end":{"line":102,"column":26}},"loc":{"start":{"line":102,"column":33},"end":{"line":142,"column":1}},"line":102},"4":{"name":"(anonymous_4)","decl":{"start":{"line":122,"column":37},"end":{"line":122,"column":38}},"loc":{"start":{"line":122,"column":44},"end":{"line":128,"column":7}},"line":122},"5":{"name":"atualizarTarefa","decl":{"start":{"line":144,"column":15},"end":{"line":144,"column":30}},"loc":{"start":{"line":144,"column":41},"end":{"line":184,"column":1}},"line":144},"6":{"name":"(anonymous_6)","decl":{"start":{"line":165,"column":37},"end":{"line":165,"column":38}},"loc":{"start":{"line":165,"column":44},"end":{"line":171,"column":7}},"line":165},"7":{"name":"excluirTarefa","decl":{"start":{"line":186,"column":15},"end":{"line":186,"column":28}},"loc":{"start":{"line":186,"column":32},"end":{"line":206,"column":1}},"line":186}},"branchMap":{"0":{"loc":{"start":{"line":17,"column":4},"end":{"line":22,"column":5}},"type":"if","locations":[{"start":{"line":17,"column":4},"end":{"line":22,"column":5}},{"start":{},"end":{}}],"line":17},"1":{"loc":{"start":{"line":43,"column":4},"end":{"line":48,"column":5}},"type":"if","locations":[{"start":{"line":43,"column":4},"end":{"line":48,"column":5}},{"start":{},"end":{}}],"line":43},"2":{"loc":{"start":{"line":68,"column":4},"end":{"line":73,"column":5}},"type":"if","locations":[{"start":{"line":68,"column":4},"end":{"line":73,"column":5}},{"start":{},"end":{}}],"line":68},"3":{"loc":{"start":{"line":75,"column":4},"end":{"line":83,"column":5}},"type":"if","locations":[{"start":{"line":75,"column":4},"end":{"line":83,"column":5}},{"start":{},"end":{}}],"line":75},"4":{"loc":{"start":{"line":105,"column":4},"end":{"line":135,"column":5}},"type":"if","locations":[{"start":{"line":105,"column":4},"end":{"line":135,"column":5}},{"start":{"line":118,"column":9},"end":{"line":135,"column":5}}],"line":105},"5":{"loc":{"start":{"line":123,"column":8},"end":{"line":125,"column":9}},"type":"if","locations":[{"start":{"line":123,"column":8},"end":{"line":125,"column":9}},{"start":{},"end":{}}],"line":123},"6":{"loc":{"start":{"line":149,"column":4},"end":{"line":176,"column":5}},"type":"if","locations":[{"start":{"line":149,"column":4},"end":{"line":176,"column":5}},{"start":{"line":161,"column":9},"end":{"line":176,"column":5}}],"line":149},"7":{"loc":{"start":{"line":151,"column":6},"end":{"line":156,"column":7}},"type":"if","locations":[{"start":{"line":151,"column":6},"end":{"line":156,"column":7}},{"start":{},"end":{}}],"line":151},"8":{"loc":{"start":{"line":166,"column":8},"end":{"line":168,"column":9}},"type":"if","locations":[{"start":{"line":166,"column":8},"end":{"line":168,"column":9}},{"start":{},"end":{}}],"line":166},"9":{"loc":{"start":{"line":190,"column":4},"end":{"line":195,"column":5}},"type":"if","locations":[{"start":{"line":190,"column":4},"end":{"line":195,"column":5}},{"start":{},"end":{}}],"line":190}},"s":{"0":6,"1":6,"2":6,"3":6,"4":6,"5":6,"6":6,"7":6,"8":3,"9":3,"10":3,"11":2,"12":1,"13":1,"14":1,"15":3,"16":3,"17":3,"18":2,"19":1,"20":1,"21":1,"22":4,"23":4,"24":4,"25":3,"26":1,"27":2,"28":1,"29":1,"30":1,"31":1,"32":1,"33":3,"34":3,"35":3,"36":2,"37":2,"38":2,"39":1,"40":1,"41":1,"42":1,"43":1,"44":1,"45":0,"46":1,"47":1,"48":1,"49":4,"50":4,"51":4,"52":4,"53":3,"54":2,"55":1,"56":1,"57":1,"58":1,"59":1,"60":1,"61":1,"62":0,"63":1,"64":1,"65":3,"66":3,"67":3,"68":2,"69":1,"70":1,"71":1,"72":6},"f":{"0":3,"1":3,"2":4,"3":3,"4":1,"5":4,"6":1,"7":3},"b":{"0":[1,1],"1":[1,1],"2":[1,2],"3":[1,1],"4":[2,1],"5":[1,0],"6":[3,1],"7":[1,1],"8":[1,0],"9":[1,1]},"_coverageSchema":"1a1c01bbd47fc00a2c39e90264f33305004495a9","hash":"bea426729b2405e55bce29d97db46037cafee54d"}
}
